<?xml version="1.0" encoding="UTF-8"?>
<!-- Generated by org.testng.reporters.JUnitReportReporter -->
<testsuite hostname="NODLTP52087137" name="qaclickacademy.SeleniumTest" tests="3" failures="0" timestamp="29 May 2019 12:41:55 GMT" time="11.080" errors="0">
  <testcase name="openApps" time="0.169" classname="qaclickacademy.SeleniumTest"/>
  <testcase name="login" time="3.647" classname="qaclickacademy.SeleniumTest"/>
  <testcase name="openBrowser" time="7.264" classname="qaclickacademy.SeleniumTest"/>
</testsuite> <!-- qaclickacademy.SeleniumTest -->
