<?xml version="1.0" encoding="UTF-8"?>
<testng-results skipped="0" failed="0" total="1" passed="1">
  <reporter-output>
  </reporter-output>
  <suite name="Default suite" duration-ms="13710" started-at="2019-05-28T12:27:54Z" finished-at="2019-05-28T12:28:08Z">
    <groups>
    </groups>
    <test name="Default test" duration-ms="13710" started-at="2019-05-28T12:27:54Z" finished-at="2019-05-28T12:28:08Z">
      <class name="qaclickacademy.SeleniumTest">
        <test-method status="PASS" signature="SeleniumMethod1()[pri:0, instance:qaclickacademy.SeleniumTest@3834d63f]" name="SeleniumMethod1" duration-ms="13699" started-at="2019-05-28T17:57:54Z" finished-at="2019-05-28T17:58:08Z">
          <reporter-output>
          </reporter-output>
        </test-method> <!-- SeleniumMethod1 -->
      </class> <!-- qaclickacademy.SeleniumTest -->
    </test> <!-- Default test -->
  </suite> <!-- Default suite -->
</testng-results>
